<?xml version="1.0" encoding="UTF-8"?>
<!-- Generated by org.testng.reporters.JUnitReportReporter -->
<testsuite hostname="akbar" failures="0" tests="3" name="com.ejju.ExpTestNG.AppTest" time="0.024" errors="0" timestamp="2022-03-06T08:30:08 IST" skipped="0">
  <testcase classname="com.ejju.ExpTestNG.AppTest" name="hello" time="0.016"/>
  <system-out/>
  <testcase classname="com.ejju.ExpTestNG.AppTest" name="hello2" time="0.003"/>
  <system-out/>
  <testcase classname="com.ejju.ExpTestNG.AppTest" name="hi" time="0.005"/>
  <system-out/>
</testsuite> <!-- com.ejju.ExpTestNG.AppTest -->
